app/seeds.txt
todo.quang.mvvm.R$id: int submit_area
todo.quang.mvvm.R$id: int unlabeled
todo.quang.mvvm.network.PostApi
todo.quang.mvvm.ui.post.activity.home.Hilt_PostListActivity: Hilt_PostListActivity()
todo.quang.mvvm.R$id: int textStart
todo.quang.mvvm.R$id: int ALT
todo.quang.mvvm.R$id: int fastscroll_handle
todo.quang.mvvm.R$id: int CTRL
todo.quang.mvvm.R$id: int imgThird
todo.quang.mvvm.R$id: int icon
todo.quang.mvvm.R$id: int graph_wrap
todo.quang.mvvm.R$id: int cancel_action
todo.quang.mvvm.R$id: int accessibility_custom_action_9
todo.quang.mvvm.R$id: int rightToLeft
todo.quang.mvvm.R$id: int multiply
todo.quang.mvvm.R$id: int always
todo.quang.mvvm.R$id: int expanded_menu
todo.quang.mvvm.R$id: int accessibility_custom_action_27
todo.quang.mvvm.R$id: int customPanel
todo.quang.mvvm.R$id: int imgIcon
todo.quang.mvvm.R$id: int scrollIndicatorUp
todo.quang.mvvm.R$id: int material_timepicker_container
todo.quang.mvvm.R$id: int gridAppLayout
todo.quang.mvvm.R$id: int autoComplete
todo.quang.mvvm.R$id: int action_bar_activity_content
todo.quang.mvvm.R$id: int action_bar_spinner
todo.quang.mvvm.R$id: int TOP_START
todo.quang.mvvm.R$id: int accessibility_custom_action_17
todo.quang.mvvm.R$id: int action0
todo.quang.mvvm.R$id: int buttonPanel
todo.quang.mvvm.R$id: int aligned
todo.quang.mvvm.R$id: int search_mag_icon
todo.quang.mvvm.Hilt_AppComponent
todo.quang.mvvm.R$id: int showCustom
todo.quang.mvvm.R$id: int default_activity_button
todo.quang.mvvm.R$id: int fixed
todo.quang.mvvm.R$id: int nav_graph
todo.quang.mvvm.R$id: int SHOW_PROGRESS
todo.quang.mvvm.R$id: int beginOnFirstDraw
todo.quang.mvvm.R$id: int line3
todo.quang.mvvm.R$id: int status_bar_latest_event_content
todo.quang.mvvm.R$id: int accessibility_custom_action_31
todo.quang.mvvm.R$id: int accessibility_custom_action_5
todo.quang.mvvm.R$id: int collapseActionView
todo.quang.mvvm.R$id: int confirm_button
todo.quang.mvvm.R$id: int appTitle
todo.quang.mvvm.R$id: int item_touch_helper_previous_elevation
todo.quang.mvvm.R$id: int test_radiobutton_app_button_tint
todo.quang.mvvm.R$id: int text
todo.quang.mvvm.R$id: int SHIFT
todo.quang.mvvm.R$id: int enterAlways
todo.quang.mvvm.R$id: int visible_removing_fragment_view_tag
todo.quang.mvvm.R$id: int test_checkbox_android_button_tint
todo.quang.mvvm.R$id: int mtrl_picker_title_text
todo.quang.mvvm.R$id: int peekHeight
todo.quang.mvvm.R$id: int accessibility_custom_action_12
todo.quang.mvvm.R$id: int recyclerList
todo.quang.mvvm.R$id: int dataBinding
todo.quang.mvvm.AppComponent: AppComponent()
todo.quang.mvvm.model.AppInfoEntity: java.lang.String component5()
todo.quang.mvvm.R$id: int tag_unhandled_key_listeners
todo.quang.mvvm.R$id: int center
todo.quang.mvvm.R$id: int textinput_error
todo.quang.mvvm.R$id: int tvName
todo.quang.mvvm.R$id: int action_menu_divider
todo.quang.mvvm.R$id: int mtrl_calendar_day_selector_frame
todo.quang.mvvm.ui.post.fragment.applist.AppListViewModel
todo.quang.mvvm.model.AppInfoEntity: long component6()
todo.quang.mvvm.R$id: int dragUp
todo.quang.mvvm.R$id: int small
todo.quang.mvvm.R$id: int selected
todo.quang.mvvm.ui.post.activity.home.PostListActivity
todo.quang.mvvm.R$id: int group_divider
todo.quang.mvvm.R$id: int checkbox
todo.quang.mvvm.R$id: int accessibility_custom_action_6
todo.quang.mvvm.R$id: int square
todo.quang.mvvm.ui.post.fragment.dialoglist.Hilt_DialogListAppFragment: Hilt_DialogListAppFragment()
todo.quang.mvvm.R$id: int right
todo.quang.mvvm.R$id: int alertTitle
todo.quang.mvvm.R$id: int center_vertical
todo.quang.mvvm.R$id: int onAttachStateChangeListener
todo.quang.mvvm.R$id: int inward
todo.quang.mvvm.R$id: int parentRelative
todo.quang.mvvm.R$id: int never
todo.quang.mvvm.R$id: int action_container
todo.quang.mvvm.R$id: int accessibility_custom_action_1
todo.quang.mvvm.R$id: int beginning
todo.quang.mvvm.R$id: int position
todo.quang.mvvm.R$id: int material_label
todo.quang.mvvm.R$id: int checked
todo.quang.mvvm.R$id: int text_input_error_icon
todo.quang.mvvm.R$id: int ifRoom
...
androidx.constraintlayout.widget.R$styleable: int KeyTimeCycle_android_scaleY
com.google.android.material.internal.NavigationMenuItemView: void setTextColor(android.content.res.ColorStateList)
com.google.android.material.R$styleable: int ConstraintLayout_Layout_layout_constraintWidth_percent
com.l4digital.fastscroll.R$styleable: int FastScroller_trackColor
com.google.android.material.R$attr: int itemTextAppearanceInactive
androidx.appcompat.widget.AppCompatButton: void setCustomSelectionActionModeCallback(android.view.ActionMode$Callback)
com.airbnb.lottie.R$styleable: int Toolbar_logoDescription
androidx.constraintlayout.widget.R$id: int pathRelative
androidx.navigation.R$styleable: int GradientColor_android_startColor
androidx.appcompat.widget.SearchView: void setOnQueryTextListener(androidx.appcompat.widget.SearchView$OnQueryTextListener)
androidx.core.R$id: int accessibility_custom_action_15
androidx.navigation.R$styleable: int GradientColor_android_centerX
androidx.appcompat.R$drawable: int abc_btn_radio_to_on_mtrl_015
androidx.recyclerview.R$attr: int fontProviderFetchStrategy
com.airbnb.lottie.LottieAnimationView: void setSpeed(float)
androidx.constraintlayout.widget.R$styleable: int MenuItem_android_numericShortcut
com.google.android.material.R$styleable: int Layout_constraint_referenced_ids
androidx.constraintlayout.widget.R$styleable: int[] Variant
com.google.android.material.R$styleable: int ConstraintSet_layout_constraintGuide_percent
androidx.appcompat.R$color: int primary_material_light
com.google.android.material.R$color: int mtrl_textinput_focused_box_stroke_color
com.google.android.gms.measurement.AppMeasurement: java.util.Map getUserProperties(java.lang.String,java.lang.String,boolean)
com.airbnb.lottie.R$styleable: int FontFamilyFont_fontWeight
androidx.appcompat.R$style: int Base_Widget_AppCompat_ActionBar_Solid
kotlin.collections.EmptyList: long serialVersionUID
com.l4digital.fastscroll.R$styleable: int ConstraintSet_flow_verticalBias
com.google.android.material.R$styleable: int Transform_android_elevation
androidx.transition.R$id: int titleDividerNoCustom
androidx.appcompat.resources.R$styleable: int FontFamilyFont_android_fontWeight
com.google.android.material.R$id: int transition_current_scene
com.google.android.material.R$id: int list_item
com.google.android.material.imageview.ShapeableImageView: int getPaddingStart()
com.google.firebase.heartbeatinfo.HeartBeatInfo$HeartBeat: com.google.firebase.heartbeatinfo.HeartBeatInfo$HeartBeat valueOf(java.lang.String)
androidx.appcompat.R$bool: int abc_config_actionMenuItemAllCaps
com.google.android.material.textfield.TextInputLayout: int getCounterMaxLength()
androidx.constraintlayout.widget.R$styleable: int AnimatedStateListDrawableItem_android_id
androidx.viewpager.widget.ViewPager: void setPageMarginDrawable(android.graphics.drawable.Drawable)
com.google.android.material.R$style: int Base_TextAppearance_AppCompat_Small_Inverse
androidx.appcompat.R$style: int TextAppearance_AppCompat_Widget_PopupMenu_Small
com.google.android.material.R$color: int design_default_color_secondary_variant
androidx.appcompat.widget.AppCompatSeekBar
com.google.android.material.slider.RangeSlider: void setThumbRadius(int)
com.airbnb.lottie.R$attr: int buttonBarStyle
androidx.core.R$styleable: int GradientColorItem_android_offset
com.google.android.gms.internal.measurement.zzcp: com.google.android.gms.internal.measurement.zzhz zzj
com.google.android.material.slider.BaseSlider: void setFocusedThumbIndex(int)
androidx.appcompat.R$attr: int spinBars
androidx.lifecycle.ReportFragment$LifecycleCallbacks: void onActivityPreStopped(android.app.Activity)
androidx.constraintlayout.widget.R$styleable: int AppCompatTheme_popupWindowStyle
com.google.android.material.R$dimen: int design_navigation_item_horizontal_padding
com.google.android.material.R$attr: int layout_anchorGravity
com.google.android.material.bottomappbar.BottomAppBar: void setBackgroundTint(android.content.res.ColorStateList)