app/mapping.txt
# compiler: R8
# compiler_version: 2.1.75
# min_api: 29
# pg_map_id: 9464e60
# common_typos_disable
todo.quang.mvvm.AppComponent -> todo.quang.mvvm.AppComponent:
    7:7:void <init>() -> <init>
    13:15:void onCreate() -> onCreate
todo.quang.mvvm.AppComponent$Companion -> todo.quang.mvvm.AppComponent$a:
    8:8:void <init>() -> <init>
    8:8:void <init>(kotlin.jvm.internal.DefaultConstructorMarker) -> <init>
todo.quang.mvvm.AppComponent_GeneratedInjector -> m.a.a.a:
    void injectAppComponent(todo.quang.mvvm.AppComponent) -> a
todo.quang.mvvm.AppComponent_HiltComponents$ActivityC -> m.a.a.b:
    127:127:void <init>() -> <init>
todo.quang.mvvm.AppComponent_HiltComponents$ActivityRetainedC -> m.a.a.c:
    150:150:void <init>() -> <init>
todo.quang.mvvm.AppComponent_HiltComponents$ApplicationC -> m.a.a.d:
    168:168:void <init>() -> <init>
todo.quang.mvvm.AppComponent_HiltComponents$FragmentC -> m.a.a.e:
    183:183:void <init>() -> <init>
todo.quang.mvvm.DaggerAppComponent_HiltComponents_ApplicationC -> m.a.a.f:
    javax.inject.Provider provideAppInfoDaoProvider -> d
    java.lang.Object postApi -> h
    javax.inject.Provider provideApplicationProvider -> e
    java.lang.Object okHttpClient -> f
    java.lang.Object retrofit -> g
    java.lang.Object appDatabase -> b
    java.lang.Object appInfoDao -> c
    dagger.hilt.android.internal.modules.ApplicationContextModule applicationContextModule -> a
    javax.inject.Provider providesJsonApiProvider -> i
    68:68:void <init>(dagger.hilt.android.internal.modules.ApplicationContextModule,todo.quang.mvvm.DaggerAppComponent_HiltComponents_ApplicationC$1) -> <init>
    71:90:void <init>(dagger.hilt.android.internal.modules.ApplicationContextModule) -> <init>
    205:205:void injectAppComponent(todo.quang.mvvm.AppComponent) -> a
    195:195:dagger.hilt.android.internal.builders.ActivityRetainedComponentBuilder retainedComponentBuilder() -> b
    68:68:dagger.hilt.android.internal.modules.ApplicationContextModule access$1000(todo.quang.mvvm.DaggerAppComponent_HiltComponents_ApplicationC) -> c
    68:68:todo.quang.mvvm.model.AppInfoDao access$2400(todo.quang.mvvm.DaggerAppComponent_HiltComponents_ApplicationC) -> d
    68:68:todo.quang.mvvm.network.PostApi access$2500(todo.quang.mvvm.DaggerAppComponent_HiltComponents_ApplicationC) -> e
    68:68:javax.inject.Provider access$700(todo.quang.mvvm.DaggerAppComponent_HiltComponents_ApplicationC) -> f
todo.quang.mvvm.DaggerAppComponent_HiltComponents_ApplicationC$1 -> m.a.a.f$a:
todo.quang.mvvm.DaggerAppComponent_HiltComponents_ApplicationC$ActivityRetainedCBuilder -> m.a.a.f$b:
    todo.quang.mvvm.DaggerAppComponent_HiltComponents_ApplicationC this$0 -> a
    242:242:void <init>(todo.quang.mvvm.DaggerAppComponent_HiltComponents_ApplicationC) -> <init>
    242:242:void <init>(todo.quang.mvvm.DaggerAppComponent_HiltComponents_ApplicationC,todo.quang.mvvm.DaggerAppComponent_HiltComponents_ApplicationC$1) -> <init>
    242:242:dagger.hilt.android.components.ActivityRetainedComponent build() -> a
    245:245:todo.quang.mvvm.AppComponent_HiltComponents$ActivityRetainedC build() -> b
todo.quang.mvvm.DaggerAppComponent_HiltComponents_ApplicationC$ActivityRetainedCImpl -> m.a.a.f$c:
    todo.quang.mvvm.DaggerAppComponent_HiltComponents_ApplicationC this$0 -> a
    249:249:void <init>(todo.quang.mvvm.DaggerAppComponent_HiltComponents_ApplicationC,todo.quang.mvvm.DaggerAppComponent_HiltComponents_ApplicationC$1) -> <init>
    250:252:void <init>(todo.quang.mvvm.DaggerAppComponent_HiltComponents_ApplicationC) -> <init>
    256:256:dagger.hilt.android.internal.builders.ActivityComponentBuilder activityComponentBuilder() -> a
...
com.airbnb.lottie.animation.content.BaseStrokeContent$PathGroup -> e.a.a.t.b.a$b:
    java.util.List paths -> a
    com.airbnb.lottie.animation.content.TrimPathContent trimPath -> b
    335:335:void <init>(com.airbnb.lottie.animation.content.TrimPathContent,com.airbnb.lottie.animation.content.BaseStrokeContent$1) -> <init>
    336:341:void <init>(com.airbnb.lottie.animation.content.TrimPathContent) -> <init>
    335:335:java.util.List access$100(com.airbnb.lottie.animation.content.BaseStrokeContent$PathGroup) -> a
    335:335:com.airbnb.lottie.animation.content.TrimPathContent access$200(com.airbnb.lottie.animation.content.BaseStrokeContent$PathGroup) -> b
com.airbnb.lottie.animation.content.CompoundTrimPathContent -> e.a.a.t.b.b:
    java.util.List contents -> a
    10:11:void <init>() -> <init>
    14:15:void addTrimPath(com.airbnb.lottie.animation.content.TrimPathContent) -> a
    18:21:void apply(android.graphics.Path) -> b
com.airbnb.lottie.animation.content.Content -> e.a.a.t.b.c:
    void setContents(java.util.List,java.util.List) -> c
    java.lang.String getName() -> h
com.airbnb.lottie.animation.content.ContentGroup -> e.a.a.t.b.d:
    java.lang.String name -> f
    android.graphics.RectF offScreenRectF -> b
    android.graphics.RectF rect -> e
    java.util.List pathContents -> j
    android.graphics.Paint offScreenPaint -> a
    boolean hidden -> g
    java.util.List contents -> h
    android.graphics.Matrix matrix -> c
    com.airbnb.lottie.LottieDrawable lottieDrawable -> i
    com.airbnb.lottie.animation.keyframe.TransformKeyframeAnimation transformAnimation -> k
    android.graphics.Path path -> d
    67:70:void <init>(com.airbnb.lottie.LottieDrawable,com.airbnb.lottie.model.layer.BaseLayer,com.airbnb.lottie.model.content.ShapeGroup) -> <init>
    30:96:void <init>(com.airbnb.lottie.LottieDrawable,com.airbnb.lottie.model.layer.BaseLayer,java.lang.String,boolean,java.util.List,com.airbnb.lottie.model.animatable.AnimatableTransform) -> <init>
    208:220:void getBounds(android.graphics.RectF,android.graphics.Matrix,boolean) -> a
    99:100:void onValueChanged() -> b
    108:116:void setContents(java.util.List,java.util.List) -> c
    141:155:android.graphics.Path getPath() -> d
    35:42:java.util.List contentsFromModels(com.airbnb.lottie.LottieDrawable,com.airbnb.lottie.model.layer.BaseLayer,java.util.List) -> e
    224:246:void resolveKeyPath(com.airbnb.lottie.model.KeyPath,int,java.util.List,com.airbnb.lottie.model.KeyPath) -> f
    159:192:void draw(android.graphics.Canvas,android.graphics.Matrix,int) -> g
com.airbnb.lottie.animation.content.DrawingContent -> e.a.a.t.b.e:
    void getBounds(android.graphics.RectF,android.graphics.Matrix,boolean) -> a
    void draw(android.graphics.Canvas,android.graphics.Matrix,int) -> g
com.airbnb.lottie.animation.content.EllipseContent -> e.a.a.t.b.f:
    android.graphics.Path path -> a
    com.airbnb.lottie.LottieDrawable lottieDrawable -> c
    com.airbnb.lottie.model.content.CircleShape circleShape -> f
    com.airbnb.lottie.animation.content.CompoundTrimPathContent trimPaths -> g
    com.airbnb.lottie.animation.keyframe.BaseKeyframeAnimation sizeAnimation -> d
    com.airbnb.lottie.animation.keyframe.BaseKeyframeAnimation positionAnimation -> e
    boolean isPathValid -> h
    java.lang.String name -> b
    24:47:void <init>(com.airbnb.lottie.LottieDrawable,com.airbnb.lottie.model.layer.BaseLayer,com.airbnb.lottie.model.content.CircleShape) -> <init>
    50:51:void onValueChanged() -> b
    59:67:void setContents(java.util.List,java.util.List) -> c
    74:116:android.graphics.Path getPath() -> d
    54:56:void invalidate() -> e
    121:122:void resolveKeyPath(com.airbnb.lottie.model.KeyPath,int,java.util.List,com.airbnb.lottie.model.KeyPath) -> f
    70:70:java.lang.String getName() -> h
    127:132:void addValueCallback(java.lang.Object,com.airbnb.lottie.value.LottieValueCallback) -> i